<?xml version="1.0" encoding="UTF-8"?>
<!-- Generated by org.testng.reporters.JUnitReportReporter -->
<testsuite hostname="SugahSugah" failures="0" tests="2" name="appium_test.Hybridtest1" time="27.161" errors="0" timestamp="2023-01-19T16:46:39 IST" skipped="1">
  <testcase classname="appium_test.Hybridtest1" name="test2" time="27.161"/>
  <system-out/>
  <testcase classname="appium_test.Hybridtest1" name="test1">
    <skipped/>
  </testcase> <!-- test1 -->
  <system-out/>
</testsuite> <!-- appium_test.Hybridtest1 -->
