<?xml version="1.0" encoding="UTF-8"?>
<!-- Generated by org.testng.reporters.JUnitReportReporter -->
<testsuite hostname="SugahSugah" failures="0" tests="1" name="appium_test.calculator" time="35.347" errors="0" timestamp="2023-01-23T11:56:47 IST" skipped="0">
  <testcase classname="appium_test.calculator" name="test1" time="35.347"/>
  <system-out/>
</testsuite> <!-- appium_test.calculator -->
