<?xml version="1.0" encoding="UTF-8"?>
<!-- Generated by org.testng.reporters.JUnitReportReporter -->
<testsuite hostname="SugahSugah" failures="0" tests="1" name="appium_test.KhanAcademytest" time="13.079" errors="0" timestamp="2023-01-23T16:08:19 IST" skipped="0">
  <testcase classname="appium_test.KhanAcademytest" name="test1" time="13.079"/>
  <system-out/>
</testsuite> <!-- appium_test.KhanAcademytest -->
