<?xml version="1.0" encoding="UTF-8"?>
<!-- Generated by org.testng.reporters.JUnitReportReporter -->
<testsuite hostname="SugahSugah" failures="0" tests="1" name="appium_test.Clocktest" time="14.594" errors="0" timestamp="2023-01-23T16:28:52 IST" skipped="0">
  <testcase classname="appium_test.Clocktest" name="test1" time="14.594"/>
  <system-out/>
</testsuite> <!-- appium_test.Clocktest -->
