<?xml version="1.0" encoding="UTF-8"?>
<!-- Generated by org.testng.reporters.JUnitReportReporter -->
<testsuite hostname="SugahSugah" failures="0" tests="1" name="appium_test.Native_test1" time="2.665" errors="0" timestamp="2023-01-19T11:01:45 IST" skipped="0">
  <testcase classname="appium_test.Native_test1" name="test1" time="2.665"/>
  <system-out/>
</testsuite> <!-- appium_test.Native_test1 -->
