<?xml version="1.0" encoding="UTF-8"?>
<!-- Generated by org.testng.reporters.JUnitReportReporter -->
<testsuite hostname="SugahSugah" failures="0" tests="1" name="appium_test.BanjaraTest" time="69.260" errors="0" timestamp="2023-01-29T18:46:11 IST" skipped="0">
  <testcase classname="appium_test.BanjaraTest" name="test1" time="69.260"/>
  <system-out/>
</testsuite> <!-- appium_test.BanjaraTest -->
