<?xml version="1.0" encoding="UTF-8"?>
<!-- Generated by org.testng.reporters.JUnitReportReporter -->
<testsuite hostname="SugahSugah" failures="0" tests="1" name="appium_test.and_test1" time="17.301" errors="0" timestamp="2023-01-18T11:05:08 IST" skipped="0">
  <testcase classname="appium_test.and_test1" name="tc" time="17.301"/>
  <system-out/>
</testsuite> <!-- appium_test.and_test1 -->
