<?xml version="1.0" encoding="UTF-8"?>
<!-- Generated by org.testng.reporters.JUnitReportReporter -->
<testsuite hostname="SugahSugah" failures="0" tests="1" name="banjara.BanjaraTest" time="69.580" errors="0" timestamp="2023-01-30T09:20:24 IST" skipped="0">
  <testcase classname="banjara.BanjaraTest" name="test1" time="69.580"/>
  <system-out/>
</testsuite> <!-- banjara.BanjaraTest -->
